2014/10/02 19:49:30 [error] [exception.CHttpException.404] exception 'CHttpException' with message 'Unable to resolve the request "message".' in /var/www/html/yii/framework/web/CWebApplication.php:286
Stack trace:
#0 /var/www/html/yii/framework/web/CWebApplication.php(141): CWebApplication->runController('message')
#1 /var/www/html/yii/framework/base/CApplication.php(184): CWebApplication->processRequest()
#2 /var/www/html/blog/index.php(13): CApplication->run()
#3 {main}
REQUEST_URI=/blog/index.php?r=message
---
2014/10/03 15:00:01 [error] [exception.CHttpException.404] exception 'CHttpException' with message 'Unable to resolve the request "helloWorld".' in /var/www/html/yii/framework/web/CWebApplication.php:286
Stack trace:
#0 /var/www/html/yii/framework/web/CWebApplication.php(141): CWebApplication->runController('helloWorld')
#1 /var/www/html/yii/framework/base/CApplication.php(184): CWebApplication->processRequest()
#2 /var/www/html/blog/index.php(13): CApplication->run()
#3 {main}
REQUEST_URI=/blog/index.php?r=helloWorld
---
2014/10/05 07:04:37 [error] [system.db.CDbCommand] CDbCommand::fetchAll() failed: SQLSTATE[42S02]: Base table or view not found: 1146 Table 'blogdb.issue' doesn't exist. The SQL statement executed was: SHOW FULL COLUMNS FROM `issue`.
in /var/www/html/blog/index.php (13)
2014/10/05 07:05:14 [error] [system.db.CDbCommand] CDbCommand::fetchAll() failed: SQLSTATE[42S02]: Base table or view not found: 1146 Table 'blogdb.project' doesn't exist. The SQL statement executed was: SHOW FULL COLUMNS FROM `project`.
in /var/www/html/blog/index.php (13)
2014/10/06 02:26:24 [error] [exception.CHttpException.404] exception 'CHttpException' with message 'The requested project does nto exist.' in /var/www/html/blog/protected/controllers/IssueController.php:188
Stack trace:
#0 /var/www/html/blog/protected/controllers/IssueController.php(211): IssueController->loadProject(NULL)
#1 /var/www/html/yii/framework/web/filters/CInlineFilter.php(58): IssueController->filterProjectContext(Object(CFilterChain))
#2 /var/www/html/yii/framework/web/filters/CFilterChain.php(130): CInlineFilter->filter(Object(CFilterChain))
#3 /var/www/html/yii/framework/web/filters/CFilter.php(40): CFilterChain->run()
#4 /var/www/html/yii/framework/web/CController.php(1145): CFilter->filter(Object(CFilterChain))
#5 /var/www/html/yii/framework/web/filters/CInlineFilter.php(58): CController->filterAccessControl(Object(CFilterChain))
#6 /var/www/html/yii/framework/web/filters/CFilterChain.php(130): CInlineFilter->filter(Object(CFilterChain))
#7 /var/www/html/yii/framework/web/CController.php(291): CFilterChain->run()
#8 /var/www/html/yii/framework/web/CController.php(265): CController->runActionWithFilters(Object(CInlineAction), Array)
#9 /var/www/html/yii/framework/web/CWebApplication.php(282): CController->run('create')
#10 /var/www/html/yii/framework/web/CWebApplication.php(141): CWebApplication->runController('issue/create')
#11 /var/www/html/yii/framework/base/CApplication.php(184): CWebApplication->processRequest()
#12 /var/www/html/blog/index.php(13): CApplication->run()
#13 {main}
REQUEST_URI=/blog/index.php?r=issue/create
HTTP_REFERER=http://localhost/blog/index.php?r=site/login
---
2014/10/06 02:26:39 [error] [exception.CHttpException.404] exception 'CHttpException' with message 'The requested project does nto exist.' in /var/www/html/blog/protected/controllers/IssueController.php:188
Stack trace:
#0 /var/www/html/blog/protected/controllers/IssueController.php(211): IssueController->loadProject(NULL)
#1 /var/www/html/yii/framework/web/filters/CInlineFilter.php(58): IssueController->filterProjectContext(Object(CFilterChain))
#2 /var/www/html/yii/framework/web/filters/CFilterChain.php(130): CInlineFilter->filter(Object(CFilterChain))
#3 /var/www/html/yii/framework/web/filters/CFilter.php(40): CFilterChain->run()
#4 /var/www/html/yii/framework/web/CController.php(1145): CFilter->filter(Object(CFilterChain))
#5 /var/www/html/yii/framework/web/filters/CInlineFilter.php(58): CController->filterAccessControl(Object(CFilterChain))
#6 /var/www/html/yii/framework/web/filters/CFilterChain.php(130): CInlineFilter->filter(Object(CFilterChain))
#7 /var/www/html/yii/framework/web/CController.php(291): CFilterChain->run()
#8 /var/www/html/yii/framework/web/CController.php(265): CController->runActionWithFilters(Object(CInlineAction), Array)
#9 /var/www/html/yii/framework/web/CWebApplication.php(282): CController->run('create')
#10 /var/www/html/yii/framework/web/CWebApplication.php(141): CWebApplication->runController('issue/create')
#11 /var/www/html/yii/framework/base/CApplication.php(184): CWebApplication->processRequest()
#12 /var/www/html/blog/index.php(13): CApplication->run()
#13 {main}
REQUEST_URI=/blog/index.php?r=issue/create
HTTP_REFERER=http://localhost/blog/index.php?r=site/login
---
